<?xml version="1.0" encoding="UTF-8"?>
<!-- Generated by org.testng.reporters.JUnitReportReporter -->
<testsuite hostname="LAPTOP-2EDNSVAN" failures="0" tests="2" name="com.crm.vtiger.ProductTest.CreateProductTest" time="0.018" errors="0" timestamp="10 Jul 2021 20:36:52 GMT" skipped="0">
  <testcase classname="com.crm.vtiger.ProductTest.CreateProductTest" name="createProductWithNameTest" time="0.003"/>
  <testcase classname="com.crm.vtiger.ProductTest.CreateProductTest" name="createProductWithId" time="0.015"/>
</testsuite> <!-- com.crm.vtiger.ProductTest.CreateProductTest -->
