<?xml version="1.0" encoding="UTF-8"?>
<!-- Generated by org.testng.reporters.JUnitReportReporter -->
<testsuite hostname="LAPTOP-2EDNSVAN" failures="0" tests="2" name="com.crm.vtiger.ProductTest.SearchProductTest" time="0.018" errors="0" timestamp="10 Jul 2021 20:36:32 GMT" skipped="0">
  <testcase classname="com.crm.vtiger.ProductTest.SearchProductTest" name="searchProductWithNameTest" time="0.002"/>
  <testcase classname="com.crm.vtiger.ProductTest.SearchProductTest" name="searchProductWithId" time="0.016"/>
</testsuite> <!-- com.crm.vtiger.ProductTest.SearchProductTest -->
