<?xml version="1.0" encoding="UTF-8"?>
<!-- Generated by org.testng.reporters.JUnitReportReporter -->
<testsuite hostname="LAPTOP-2EDNSVAN" failures="0" tests="2" name="com.crm.vtiger.ProductTest.SearchProduct" time="0.032" errors="0" timestamp="10 Jul 2021 20:23:08 GMT" skipped="0">
  <testcase classname="com.crm.vtiger.ProductTest.SearchProduct" name="searchProductWithNameTest" time="0.002"/>
  <testcase classname="com.crm.vtiger.ProductTest.SearchProduct" name="searchProductWithId" time="0.030"/>
</testsuite> <!-- com.crm.vtiger.ProductTest.SearchProduct -->
